
interrupts.elf:     file format elf32-avr

Sections:
Idx Name          Size      VMA       LMA       File off  Algn
  0 .text         00000172  00000000  00000000  00000074  2**1
                  CONTENTS, ALLOC, LOAD, READONLY, CODE
  1 .bss          00000002  00800200  00800200  000001e6  2**0
                  ALLOC
  2 .stab         00000b1c  00000000  00000000  000001e8  2**2
                  CONTENTS, READONLY, DEBUGGING
  3 .stabstr      000007fd  00000000  00000000  00000d04  2**0
                  CONTENTS, READONLY, DEBUGGING

Disassembly of section .text:

00000000 <__vectors>:
   0:	0c 94 72 00 	jmp	0xe4	; 0xe4 <__ctors_end>
   4:	0c 94 84 00 	jmp	0x108	; 0x108 <__bad_interrupt>
   8:	0c 94 84 00 	jmp	0x108	; 0x108 <__bad_interrupt>
   c:	0c 94 84 00 	jmp	0x108	; 0x108 <__bad_interrupt>
  10:	0c 94 84 00 	jmp	0x108	; 0x108 <__bad_interrupt>
  14:	0c 94 86 00 	jmp	0x10c	; 0x10c <__vector_5>
  18:	0c 94 84 00 	jmp	0x108	; 0x108 <__bad_interrupt>
  1c:	0c 94 84 00 	jmp	0x108	; 0x108 <__bad_interrupt>
  20:	0c 94 84 00 	jmp	0x108	; 0x108 <__bad_interrupt>
  24:	0c 94 84 00 	jmp	0x108	; 0x108 <__bad_interrupt>
  28:	0c 94 84 00 	jmp	0x108	; 0x108 <__bad_interrupt>
  2c:	0c 94 84 00 	jmp	0x108	; 0x108 <__bad_interrupt>
  30:	0c 94 84 00 	jmp	0x108	; 0x108 <__bad_interrupt>
  34:	0c 94 84 00 	jmp	0x108	; 0x108 <__bad_interrupt>
  38:	0c 94 84 00 	jmp	0x108	; 0x108 <__bad_interrupt>
  3c:	0c 94 84 00 	jmp	0x108	; 0x108 <__bad_interrupt>
  40:	0c 94 84 00 	jmp	0x108	; 0x108 <__bad_interrupt>
  44:	0c 94 84 00 	jmp	0x108	; 0x108 <__bad_interrupt>
  48:	0c 94 84 00 	jmp	0x108	; 0x108 <__bad_interrupt>
  4c:	0c 94 84 00 	jmp	0x108	; 0x108 <__bad_interrupt>
  50:	0c 94 84 00 	jmp	0x108	; 0x108 <__bad_interrupt>
  54:	0c 94 84 00 	jmp	0x108	; 0x108 <__bad_interrupt>
  58:	0c 94 84 00 	jmp	0x108	; 0x108 <__bad_interrupt>
  5c:	0c 94 84 00 	jmp	0x108	; 0x108 <__bad_interrupt>
  60:	0c 94 84 00 	jmp	0x108	; 0x108 <__bad_interrupt>
  64:	0c 94 84 00 	jmp	0x108	; 0x108 <__bad_interrupt>
  68:	0c 94 84 00 	jmp	0x108	; 0x108 <__bad_interrupt>
  6c:	0c 94 84 00 	jmp	0x108	; 0x108 <__bad_interrupt>
  70:	0c 94 84 00 	jmp	0x108	; 0x108 <__bad_interrupt>
  74:	0c 94 84 00 	jmp	0x108	; 0x108 <__bad_interrupt>
  78:	0c 94 84 00 	jmp	0x108	; 0x108 <__bad_interrupt>
  7c:	0c 94 84 00 	jmp	0x108	; 0x108 <__bad_interrupt>
  80:	0c 94 84 00 	jmp	0x108	; 0x108 <__bad_interrupt>
  84:	0c 94 84 00 	jmp	0x108	; 0x108 <__bad_interrupt>
  88:	0c 94 84 00 	jmp	0x108	; 0x108 <__bad_interrupt>
  8c:	0c 94 84 00 	jmp	0x108	; 0x108 <__bad_interrupt>
  90:	0c 94 84 00 	jmp	0x108	; 0x108 <__bad_interrupt>
  94:	0c 94 84 00 	jmp	0x108	; 0x108 <__bad_interrupt>
  98:	0c 94 84 00 	jmp	0x108	; 0x108 <__bad_interrupt>
  9c:	0c 94 84 00 	jmp	0x108	; 0x108 <__bad_interrupt>
  a0:	0c 94 84 00 	jmp	0x108	; 0x108 <__bad_interrupt>
  a4:	0c 94 84 00 	jmp	0x108	; 0x108 <__bad_interrupt>
  a8:	0c 94 84 00 	jmp	0x108	; 0x108 <__bad_interrupt>
  ac:	0c 94 84 00 	jmp	0x108	; 0x108 <__bad_interrupt>
  b0:	0c 94 84 00 	jmp	0x108	; 0x108 <__bad_interrupt>
  b4:	0c 94 84 00 	jmp	0x108	; 0x108 <__bad_interrupt>
  b8:	0c 94 84 00 	jmp	0x108	; 0x108 <__bad_interrupt>
  bc:	0c 94 84 00 	jmp	0x108	; 0x108 <__bad_interrupt>
  c0:	0c 94 84 00 	jmp	0x108	; 0x108 <__bad_interrupt>
  c4:	0c 94 84 00 	jmp	0x108	; 0x108 <__bad_interrupt>
  c8:	0c 94 84 00 	jmp	0x108	; 0x108 <__bad_interrupt>
  cc:	0c 94 84 00 	jmp	0x108	; 0x108 <__bad_interrupt>
  d0:	0c 94 84 00 	jmp	0x108	; 0x108 <__bad_interrupt>
  d4:	0c 94 84 00 	jmp	0x108	; 0x108 <__bad_interrupt>
  d8:	0c 94 84 00 	jmp	0x108	; 0x108 <__bad_interrupt>
  dc:	0c 94 84 00 	jmp	0x108	; 0x108 <__bad_interrupt>
  e0:	0c 94 84 00 	jmp	0x108	; 0x108 <__bad_interrupt>

000000e4 <__ctors_end>:
  e4:	11 24       	eor	r1, r1
  e6:	1f be       	out	0x3f, r1	; 63
  e8:	cf ef       	ldi	r28, 0xFF	; 255
  ea:	d1 e2       	ldi	r29, 0x21	; 33
  ec:	de bf       	out	0x3e, r29	; 62
  ee:	cd bf       	out	0x3d, r28	; 61

000000f0 <__do_clear_bss>:
  f0:	12 e0       	ldi	r17, 0x02	; 2
  f2:	a0 e0       	ldi	r26, 0x00	; 0
  f4:	b2 e0       	ldi	r27, 0x02	; 2
  f6:	01 c0       	rjmp	.+2      	; 0xfa <.do_clear_bss_start>

000000f8 <.do_clear_bss_loop>:
  f8:	1d 92       	st	X+, r1

000000fa <.do_clear_bss_start>:
  fa:	a2 30       	cpi	r26, 0x02	; 2
  fc:	b1 07       	cpc	r27, r17
  fe:	e1 f7       	brne	.-8      	; 0xf8 <.do_clear_bss_loop>
 100:	0e 94 b3 00 	call	0x166	; 0x166 <main>
 104:	0c 94 b7 00 	jmp	0x16e	; 0x16e <_exit>

00000108 <__bad_interrupt>:
 108:	0c 94 00 00 	jmp	0	; 0x0 <__vectors>

0000010c <__vector_5>:
/**
* Interrupt Service Routine (ISR) for handling
* INT4 interrupts.
* Toggles PH0 for every interrupt
*/
ISR(INT4_vect) {
 10c:	1f 92       	push	r1
 10e:	0f 92       	push	r0
 110:	0f b6       	in	r0, 0x3f	; 63
 112:	0f 92       	push	r0
 114:	11 24       	eor	r1, r1
 116:	8f 93       	push	r24
 118:	9f 93       	push	r25
    times++;
 11a:	80 91 00 02 	lds	r24, 0x0200
 11e:	90 91 01 02 	lds	r25, 0x0201
 122:	01 96       	adiw	r24, 0x01	; 1
 124:	90 93 01 02 	sts	0x0201, r25
 128:	80 93 00 02 	sts	0x0200, r24
    PORTB ^= _BV(PB5);        
 12c:	85 b1       	in	r24, 0x05	; 5
 12e:	90 e2       	ldi	r25, 0x20	; 32
 130:	89 27       	eor	r24, r25
 132:	85 b9       	out	0x05, r24	; 5
    PORTH = times;
 134:	80 91 00 02 	lds	r24, 0x0200
 138:	80 93 02 01 	sts	0x0102, r24
} 
 13c:	9f 91       	pop	r25
 13e:	8f 91       	pop	r24
 140:	0f 90       	pop	r0
 142:	0f be       	out	0x3f, r0	; 63
 144:	0f 90       	pop	r0
 146:	1f 90       	pop	r1
 148:	18 95       	reti

0000014a <init_port_toggler>:
* Setup PE4 to input.
* Setup PH0 to output
*/
void init_port_toggler( void ) {
    // Set PE4 (INT4) to input
    DDRE &= ~_BV(DDE4);
 14a:	6c 98       	cbi	0x0d, 4	; 13

    DDRH |= 0xFF;
 14c:	e1 e0       	ldi	r30, 0x01	; 1
 14e:	f1 e0       	ldi	r31, 0x01	; 1
 150:	80 81       	ld	r24, Z
 152:	8f ef       	ldi	r24, 0xFF	; 255
 154:	80 83       	st	Z, r24
    DDRB |= _BV(DDB5);
 156:	25 9a       	sbi	0x04, 5	; 4

    // Set INT4 to interrupt on every level change
    EICRB |= _BV(ISC40);
 158:	ea e6       	ldi	r30, 0x6A	; 106
 15a:	f0 e0       	ldi	r31, 0x00	; 0
 15c:	80 81       	ld	r24, Z
 15e:	81 60       	ori	r24, 0x01	; 1
 160:	80 83       	st	Z, r24

    // Enable INT4 in the Externalinterrupt register
    EIMSK |= _BV(INT4);
 162:	ec 9a       	sbi	0x1d, 4	; 29
}
 164:	08 95       	ret

00000166 <main>:


void main(void)
{
    init_port_toggler();
 166:	0e 94 a5 00 	call	0x14a	; 0x14a <init_port_toggler>

    sei();
 16a:	78 94       	sei
 16c:	ff cf       	rjmp	.-2      	; 0x16c <main+0x6>

0000016e <_exit>:
 16e:	f8 94       	cli

00000170 <__stop_program>:
 170:	ff cf       	rjmp	.-2      	; 0x170 <__stop_program>
