
buzz.elf:     file format elf32-avr

Sections:
Idx Name          Size      VMA       LMA       File off  Algn
  0 .text         00000110  00000000  00000000  00000054  2**1
                  CONTENTS, ALLOC, LOAD, READONLY, CODE
  1 .stab         00000a5c  00000000  00000000  00000164  2**2
                  CONTENTS, READONLY, DEBUGGING
  2 .stabstr      00000793  00000000  00000000  00000bc0  2**0
                  CONTENTS, READONLY, DEBUGGING

Disassembly of section .text:

00000000 <__vectors>:
   0:	0c 94 72 00 	jmp	0xe4	; 0xe4 <__ctors_end>
   4:	0c 94 7c 00 	jmp	0xf8	; 0xf8 <__bad_interrupt>
   8:	0c 94 7c 00 	jmp	0xf8	; 0xf8 <__bad_interrupt>
   c:	0c 94 7c 00 	jmp	0xf8	; 0xf8 <__bad_interrupt>
  10:	0c 94 7c 00 	jmp	0xf8	; 0xf8 <__bad_interrupt>
  14:	0c 94 7c 00 	jmp	0xf8	; 0xf8 <__bad_interrupt>
  18:	0c 94 7c 00 	jmp	0xf8	; 0xf8 <__bad_interrupt>
  1c:	0c 94 7c 00 	jmp	0xf8	; 0xf8 <__bad_interrupt>
  20:	0c 94 7c 00 	jmp	0xf8	; 0xf8 <__bad_interrupt>
  24:	0c 94 7c 00 	jmp	0xf8	; 0xf8 <__bad_interrupt>
  28:	0c 94 7c 00 	jmp	0xf8	; 0xf8 <__bad_interrupt>
  2c:	0c 94 7c 00 	jmp	0xf8	; 0xf8 <__bad_interrupt>
  30:	0c 94 7c 00 	jmp	0xf8	; 0xf8 <__bad_interrupt>
  34:	0c 94 7c 00 	jmp	0xf8	; 0xf8 <__bad_interrupt>
  38:	0c 94 7c 00 	jmp	0xf8	; 0xf8 <__bad_interrupt>
  3c:	0c 94 7c 00 	jmp	0xf8	; 0xf8 <__bad_interrupt>
  40:	0c 94 7c 00 	jmp	0xf8	; 0xf8 <__bad_interrupt>
  44:	0c 94 7c 00 	jmp	0xf8	; 0xf8 <__bad_interrupt>
  48:	0c 94 7c 00 	jmp	0xf8	; 0xf8 <__bad_interrupt>
  4c:	0c 94 7c 00 	jmp	0xf8	; 0xf8 <__bad_interrupt>
  50:	0c 94 7c 00 	jmp	0xf8	; 0xf8 <__bad_interrupt>
  54:	0c 94 7c 00 	jmp	0xf8	; 0xf8 <__bad_interrupt>
  58:	0c 94 7c 00 	jmp	0xf8	; 0xf8 <__bad_interrupt>
  5c:	0c 94 7c 00 	jmp	0xf8	; 0xf8 <__bad_interrupt>
  60:	0c 94 7c 00 	jmp	0xf8	; 0xf8 <__bad_interrupt>
  64:	0c 94 7c 00 	jmp	0xf8	; 0xf8 <__bad_interrupt>
  68:	0c 94 7c 00 	jmp	0xf8	; 0xf8 <__bad_interrupt>
  6c:	0c 94 7c 00 	jmp	0xf8	; 0xf8 <__bad_interrupt>
  70:	0c 94 7c 00 	jmp	0xf8	; 0xf8 <__bad_interrupt>
  74:	0c 94 7c 00 	jmp	0xf8	; 0xf8 <__bad_interrupt>
  78:	0c 94 7c 00 	jmp	0xf8	; 0xf8 <__bad_interrupt>
  7c:	0c 94 7c 00 	jmp	0xf8	; 0xf8 <__bad_interrupt>
  80:	0c 94 7c 00 	jmp	0xf8	; 0xf8 <__bad_interrupt>
  84:	0c 94 7c 00 	jmp	0xf8	; 0xf8 <__bad_interrupt>
  88:	0c 94 7c 00 	jmp	0xf8	; 0xf8 <__bad_interrupt>
  8c:	0c 94 7c 00 	jmp	0xf8	; 0xf8 <__bad_interrupt>
  90:	0c 94 7c 00 	jmp	0xf8	; 0xf8 <__bad_interrupt>
  94:	0c 94 7c 00 	jmp	0xf8	; 0xf8 <__bad_interrupt>
  98:	0c 94 7c 00 	jmp	0xf8	; 0xf8 <__bad_interrupt>
  9c:	0c 94 7c 00 	jmp	0xf8	; 0xf8 <__bad_interrupt>
  a0:	0c 94 7c 00 	jmp	0xf8	; 0xf8 <__bad_interrupt>
  a4:	0c 94 7c 00 	jmp	0xf8	; 0xf8 <__bad_interrupt>
  a8:	0c 94 7c 00 	jmp	0xf8	; 0xf8 <__bad_interrupt>
  ac:	0c 94 7c 00 	jmp	0xf8	; 0xf8 <__bad_interrupt>
  b0:	0c 94 7c 00 	jmp	0xf8	; 0xf8 <__bad_interrupt>
  b4:	0c 94 7c 00 	jmp	0xf8	; 0xf8 <__bad_interrupt>
  b8:	0c 94 7c 00 	jmp	0xf8	; 0xf8 <__bad_interrupt>
  bc:	0c 94 7c 00 	jmp	0xf8	; 0xf8 <__bad_interrupt>
  c0:	0c 94 7c 00 	jmp	0xf8	; 0xf8 <__bad_interrupt>
  c4:	0c 94 7c 00 	jmp	0xf8	; 0xf8 <__bad_interrupt>
  c8:	0c 94 7c 00 	jmp	0xf8	; 0xf8 <__bad_interrupt>
  cc:	0c 94 7c 00 	jmp	0xf8	; 0xf8 <__bad_interrupt>
  d0:	0c 94 7c 00 	jmp	0xf8	; 0xf8 <__bad_interrupt>
  d4:	0c 94 7c 00 	jmp	0xf8	; 0xf8 <__bad_interrupt>
  d8:	0c 94 7c 00 	jmp	0xf8	; 0xf8 <__bad_interrupt>
  dc:	0c 94 7c 00 	jmp	0xf8	; 0xf8 <__bad_interrupt>
  e0:	0c 94 7c 00 	jmp	0xf8	; 0xf8 <__bad_interrupt>

000000e4 <__ctors_end>:
  e4:	11 24       	eor	r1, r1
  e6:	1f be       	out	0x3f, r1	; 63
  e8:	cf ef       	ldi	r28, 0xFF	; 255
  ea:	d1 e2       	ldi	r29, 0x21	; 33
  ec:	de bf       	out	0x3e, r29	; 62
  ee:	cd bf       	out	0x3d, r28	; 61
  f0:	0e 94 83 00 	call	0x106	; 0x106 <main>
  f4:	0c 94 86 00 	jmp	0x10c	; 0x10c <_exit>

000000f8 <__bad_interrupt>:
  f8:	0c 94 00 00 	jmp	0	; 0x0 <__vectors>

000000fc <init_buzz>:
#include <avr/io.h>

void init_buzz(void)
{
    DDRB |= 0xFF;
  fc:	84 b1       	in	r24, 0x04	; 4
  fe:	8f ef       	ldi	r24, 0xFF	; 255
 100:	84 b9       	out	0x04, r24	; 4

    PORTB |= _BV(PB5);
 102:	2d 9a       	sbi	0x05, 5	; 5
}
 104:	08 95       	ret

00000106 <main>:

void main(void)
{
    init_buzz();
 106:	0e 94 7e 00 	call	0xfc	; 0xfc <init_buzz>
 10a:	ff cf       	rjmp	.-2      	; 0x10a <main+0x4>

0000010c <_exit>:
 10c:	f8 94       	cli

0000010e <__stop_program>:
 10e:	ff cf       	rjmp	.-2      	; 0x10e <__stop_program>
